<?xml version="1.0" encoding="UTF-8"?>
<!-- Generated by org.testng.reporters.JUnitXMLReporter -->
<testsuite hostname="DESKTOP-3DKGOGQ" name="Demo_cases" tests="5" failures="0" timestamp="4 Aug 2023 04:24:13 GMT" time="22.172" errors="0">
  <testcase name="a1_PageLoded" time="13.946" classname="testNGFrameworks.SwagLabs"/>
  <testcase name="a2_LoginPage" time="1.735" classname="testNGFrameworks.SwagLabs"/>
  <testcase name="a3_AddToCart" time="3.653" classname="testNGFrameworks.SwagLabs"/>
  <testcase name="a4_PrintText" time="0.057" classname="testNGFrameworks.SwagLabs"/>
  <testcase name="a5_LogOut" time="2.149" classname="testNGFrameworks.SwagLabs"/>
</testsuite> <!-- Demo_cases -->
