<?xml version="1.0" encoding="UTF-8"?>
<!-- Generated by org.testng.reporters.JUnitXMLReporter -->
<testsuite hostname="DESKTOP-3DKGOGQ" name="Demo_cases_" tests="5" failures="4" timestamp="3 Aug 2023 16:29:35 GMT" time="19.686" errors="0">
  <testcase name="a2_LoginPage" time="0.677" classname="testNGFrameworks.SwagLabs">
    <failure type="java.lang.NullPointerException">
      <![CDATA[java.lang.NullPointerException
	at testNGFrameworks.SwagLabs.a2_LoginPage(SwagLabs.java:42)
	at java.util.concurrent.ThreadPoolExecutor.runWorker(Unknown Source)
	at java.util.concurrent.ThreadPoolExecutor$Worker.run(Unknown Source)
	at java.lang.Thread.run(Unknown Source)
... Removed 10 stack frames]]>
    </failure>
  </testcase> <!-- a2_LoginPage -->
  <testcase name="a3_AddToCart" time="0.003" classname="testNGFrameworks.SwagLabs">
    <failure type="java.lang.NullPointerException">
      <![CDATA[java.lang.NullPointerException
	at testNGFrameworks.SwagLabs.a3_AddToCart(SwagLabs.java:50)
	at java.util.concurrent.ThreadPoolExecutor.runWorker(Unknown Source)
	at java.util.concurrent.ThreadPoolExecutor$Worker.run(Unknown Source)
	at java.lang.Thread.run(Unknown Source)
... Removed 10 stack frames]]>
    </failure>
  </testcase> <!-- a3_AddToCart -->
  <testcase name="a4_PrintText" time="0.002" classname="testNGFrameworks.SwagLabs">
    <failure type="java.lang.NullPointerException">
      <![CDATA[java.lang.NullPointerException
	at testNGFrameworks.SwagLabs.a4_PrintText(SwagLabs.java:72)
	at java.util.concurrent.ThreadPoolExecutor.runWorker(Unknown Source)
	at java.util.concurrent.ThreadPoolExecutor$Worker.run(Unknown Source)
	at java.lang.Thread.run(Unknown Source)
... Removed 10 stack frames]]>
    </failure>
  </testcase> <!-- a4_PrintText -->
  <testcase name="a5_LogOut" time="0.005" classname="testNGFrameworks.SwagLabs">
    <failure type="java.lang.NullPointerException">
      <![CDATA[java.lang.NullPointerException
	at testNGFrameworks.SwagLabs.a5_LogOut(SwagLabs.java:92)
	at java.util.concurrent.ThreadPoolExecutor.runWorker(Unknown Source)
	at java.util.concurrent.ThreadPoolExecutor$Worker.run(Unknown Source)
	at java.lang.Thread.run(Unknown Source)
... Removed 10 stack frames]]>
    </failure>
  </testcase> <!-- a5_LogOut -->
  <testcase name="a1_PageLoded" time="19.549" classname="testNGFrameworks.SwagLabs"/>
</testsuite> <!-- Demo_cases_ -->
